# JRE version: Java(TM) SE Runtime Environment (8.0_112-b15) (build 1.8.0_112-b15)
# Java VM: Java HotSpot(TM) 64-Bit Server VM (25.112-b15 mixed mode windows-amd64 compressed oops)
Heap:
 PSYoungGen      total 49152K, used 928K [0x00000007bc400000, 0x00000007c0000000, 0x00000007c0000000)
  eden space 37376K, 0% used [0x00000007bc400000,0x00000007bc400000,0x00000007be880000)
  from space 11776K, 7% used [0x00000007be880000,0x00000007be968000,0x00000007bf400000)
  to   space 11264K, 0% used [0x00000007bf500000,0x00000007bf500000,0x00000007c0000000)
 ParOldGen       total 169984K, used 69391K [0x0000000700000000, 0x000000070a600000, 0x00000007bc400000)
  object space 169984K, 40% used [0x0000000700000000,0x00000007043c3d10,0x000000070a600000)
 Metaspace       used 69750K, capacity 70325K, committed 71040K, reserved 1110016K
  class space    used 9985K, capacity 10112K, committed 10112K, reserved 1048576K
GC Heap History (10 events):
Event: 12576.815 GC heap after
Heap after GC invocations=68 (full 7):
 PSYoungGen      total 47616K, used 1312K [0x00000007bc400000, 0x00000007c0000000, 0x00000007c0000000)
  eden space 34304K, 0% used [0x00000007bc400000,0x00000007bc400000,0x00000007be580000)
  from space 13312K, 9% used [0x00000007be580000,0x00000007be6c8000,0x00000007bf280000)
  to   space 13312K, 0% used [0x00000007bf300000,0x00000007bf300000,0x00000007c0000000)
 ParOldGen       total 169984K, used 69367K [0x0000000700000000, 0x000000070a600000, 0x00000007bc400000)
  object space 169984K, 40% used [0x0000000700000000,0x00000007043bdd10,0x000000070a600000)
 Metaspace       used 69716K, capacity 70261K, committed 71040K, reserved 1110016K
  class space    used 9985K, capacity 10112K, committed 10112K, reserved 1048576K
}
Event: 12577.459 GC heap before
{Heap before GC invocations=69 (full 7):
 PSYoungGen      total 47616K, used 35616K [0x00000007bc400000, 0x00000007c0000000, 0x00000007c0000000)
  eden space 34304K, 100% used [0x00000007bc400000,0x00000007be580000,0x00000007be580000)
  from space 13312K, 9% used [0x00000007be580000,0x00000007be6c8000,0x00000007bf280000)
  to   space 13312K, 0% used [0x00000007bf300000,0x00000007bf300000,0x00000007c0000000)
 ParOldGen       total 169984K, used 69367K [0x0000000700000000, 0x000000070a600000, 0x00000007bc400000)
  object space 169984K, 40% used [0x0000000700000000,0x00000007043bdd10,0x000000070a600000)
 Metaspace       used 69726K, capacity 70261K, committed 71040K, reserved 1110016K
  class space    used 9985K, capacity 10112K, committed 10112K, reserved 1048576K
Event: 12577.463 GC heap after
Heap after GC invocations=69 (full 7):
 PSYoungGen      total 48640K, used 960K [0x00000007bc400000, 0x00000007c0000000, 0x00000007c0000000)
  eden space 35328K, 0% used [0x00000007bc400000,0x00000007bc400000,0x00000007be680000)
  from space 13312K, 7% used [0x00000007bf300000,0x00000007bf3f0000,0x00000007c0000000)
  to   space 12800K, 0% used [0x00000007be680000,0x00000007be680000,0x00000007bf300000)
 ParOldGen       total 169984K, used 69375K [0x0000000700000000, 0x000000070a600000, 0x00000007bc400000)
  object space 169984K, 40% used [0x0000000700000000,0x00000007043bfd10,0x000000070a600000)
 Metaspace       used 69726K, capacity 70261K, committed 71040K, reserved 1110016K
  class space    used 9985K, capacity 10112K, committed 10112K, reserved 1048576K
}
Event: 12696.082 GC heap before
{Heap before GC invocations=70 (full 7):
 PSYoungGen      total 48640K, used 36288K [0x00000007bc400000, 0x00000007c0000000, 0x00000007c0000000)
  eden space 35328K, 100% used [0x00000007bc400000,0x00000007be680000,0x00000007be680000)
  from space 13312K, 7% used [0x00000007bf300000,0x00000007bf3f0000,0x00000007c0000000)
  to   space 12800K, 0% used [0x00000007be680000,0x00000007be680000,0x00000007bf300000)
 ParOldGen       total 169984K, used 69375K [0x0000000700000000, 0x000000070a600000, 0x00000007bc400000)
  object space 169984K, 40% used [0x0000000700000000,0x00000007043bfd10,0x000000070a600000)
 Metaspace       used 69732K, capacity 70325K, committed 71040K, reserved 1110016K
  class space    used 9985K, capacity 10112K, committed 10112K, reserved 1048576K
Event: 12696.087 GC heap after
Heap after GC invocations=70 (full 7):
 PSYoungGen      total 48128K, used 1504K [0x00000007bc400000, 0x00000007c0000000, 0x00000007c0000000)
  eden space 35328K, 0% used [0x00000007bc400000,0x00000007bc400000,0x00000007be680000)
  from space 12800K, 11% used [0x00000007be680000,0x00000007be7f8000,0x00000007bf300000)
  to   space 12288K, 0% used [0x00000007bf400000,0x00000007bf400000,0x00000007c0000000)
 ParOldGen       total 169984K, used 69383K [0x0000000700000000, 0x000000070a600000, 0x00000007bc400000)
  object space 169984K, 40% used [0x0000000700000000,0x00000007043c1d10,0x000000070a600000)
 Metaspace       used 69732K, capacity 70325K, committed 71040K, reserved 1110016K
  class space    used 9985K, capacity 10112K, committed 10112K, reserved 1048576K
}
Event: 12826.845 GC heap before
{Heap before GC invocations=71 (full 7):
 PSYoungGen      total 48128K, used 36832K [0x00000007bc400000, 0x00000007c0000000, 0x00000007c0000000)
  eden space 35328K, 100% used [0x00000007bc400000,0x00000007be680000,0x00000007be680000)
  from space 12800K, 11% used [0x00000007be680000,0x00000007be7f8000,0x00000007bf300000)
  to   space 12288K, 0% used [0x00000007bf400000,0x00000007bf400000,0x00000007c0000000)
 ParOldGen       total 169984K, used 69383K [0x0000000700000000, 0x000000070a600000, 0x00000007bc400000)
  object space 169984K, 40% used [0x0000000700000000,0x00000007043c1d10,0x000000070a600000)
 Metaspace       used 69749K, capacity 70325K, committed 71040K, reserved 1110016K
  class space    used 9985K, capacity 10112K, committed 10112K, reserved 1048576K
Event: 12826.861 GC heap after
Heap after GC invocations=71 (full 7):
 PSYoungGen      total 49664K, used 1568K [0x00000007bc400000, 0x00000007c0000000, 0x00000007c0000000)
  eden space 37376K, 0% used [0x00000007bc400000,0x00000007bc400000,0x00000007be880000)
  from space 12288K, 12% used [0x00000007bf400000,0x00000007bf588000,0x00000007c0000000)
  to   space 11776K, 0% used [0x00000007be880000,0x00000007be880000,0x00000007bf400000)
 ParOldGen       total 169984K, used 69391K [0x0000000700000000, 0x000000070a600000, 0x00000007bc400000)
  object space 169984K, 40% used [0x0000000700000000,0x00000007043c3d10,0x000000070a600000)
 Metaspace       used 69749K, capacity 70325K, committed 71040K, reserved 1110016K
  class space    used 9985K, capacity 10112K, committed 10112K, reserved 1048576K
}
Event: 12841.082 GC heap before
{Heap before GC invocations=72 (full 7):
 PSYoungGen      total 49664K, used 5836K [0x00000007bc400000, 0x00000007c0000000, 0x00000007c0000000)
  eden space 37376K, 11% used [0x00000007bc400000,0x00000007bc82b2f8,0x00000007be880000)
  from space 12288K, 12% used [0x00000007bf400000,0x00000007bf588000,0x00000007c0000000)
  to   space 11776K, 0% used [0x00000007be880000,0x00000007be880000,0x00000007bf400000)
 ParOldGen       total 169984K, used 69391K [0x0000000700000000, 0x000000070a600000, 0x00000007bc400000)
  object space 169984K, 40% used [0x0000000700000000,0x00000007043c3d10,0x000000070a600000)
 Metaspace       used 69750K, capacity 70325K, committed 71040K, reserved 1110016K
  class space    used 9985K, capacity 10112K, committed 10112K, reserved 1048576K
Event: 12841.093 GC heap after
Heap after GC invocations=72 (full 7):
 PSYoungGen      total 49152K, used 928K [0x00000007bc400000, 0x00000007c0000000, 0x00000007c0000000)
  eden space 37376K, 0% used [0x00000007bc400000,0x00000007bc400000,0x00000007be880000)
  from space 11776K, 7% used [0x00000007be880000,0x00000007be968000,0x00000007bf400000)
  to   space 11264K, 0% used [0x00000007bf500000,0x00000007bf500000,0x00000007c0000000)
 ParOldGen       total 169984K, used 69391K [0x0000000700000000, 0x000000070a600000, 0x00000007bc400000)
  object space 169984K, 40% used [0x0000000700000000,0x00000007043c3d10,0x000000070a600000)
 Metaspace       used 69750K, capacity 70325K, committed 71040K, reserved 1110016K
  class space    used 9985K, capacity 10112K, committed 10112K, reserved 1048576K
}
Event: 12841.093 GC heap before
{Heap before GC invocations=73 (full 8):
 PSYoungGen      total 49152K, used 928K [0x00000007bc400000, 0x00000007c0000000, 0x00000007c0000000)
  eden space 37376K, 0% used [0x00000007bc400000,0x00000007bc400000,0x00000007be880000)
  from space 11776K, 7% used [0x00000007be880000,0x00000007be968000,0x00000007bf400000)
  to   space 11264K, 0% used [0x00000007bf500000,0x00000007bf500000,0x00000007c0000000)
 ParOldGen       total 169984K, used 69391K [0x0000000700000000, 0x000000070a600000, 0x00000007bc400000)
  object space 169984K, 40% used [0x0000000700000000,0x00000007043c3d10,0x000000070a600000)
 Metaspace       used 69750K, capacity 70325K, committed 71040K, reserved 1110016K
  class space    used 9985K, capacity 10112K, committed 10112K, reserved 1048576K

